# JRE version: Java(TM) SE Runtime Environment (17.0.2+8) (build 17.0.2+8-LTS-86)
# Java VM: Java HotSpot(TM) 64-Bit Server VM (17.0.2+8-LTS-86, mixed mode, sharing, tiered, compressed oops, compressed class ptrs, g1 gc, windows-amd64)
GC Precious Log:
 CPUs: 6 total, 6 available
 Memory: 16304M
 Large Page Support: Disabled
 NUMA Support: Disabled
 Compressed Oops: Enabled (Zero based)
 Heap Region Size: 2M
 Heap Min Capacity: 8M
 Heap Initial Capacity: 256M
 Heap Max Capacity: 4G
 Pre-touch: Disabled
 Parallel Workers: 6
 Concurrent Workers: 2
 Concurrent Refinement Workers: 6
 Periodic GC: Disabled
Heap:
 garbage-first heap   total 624640K, used 457125K [0x0000000700000000, 0x0000000800000000)
  region size 2048K, 161 young (329728K), 15 survivors (30720K)
 Metaspace       used 40939K, committed 41536K, reserved 1089536K
  class space    used 6144K, committed 6400K, reserved 1048576K
GC Heap History (20 events):
Event: 0.697 GC heap after
{Heap after GC invocations=3 (full 0):
 garbage-first heap   total 262144K, used 21144K [0x0000000700000000, 0x0000000800000000)
  region size 2048K, 2 young (4096K), 2 survivors (4096K)
 Metaspace       used 6856K, committed 7040K, reserved 1056768K
  class space    used 776K, committed 896K, reserved 1048576K
}
Event: 1.695 GC heap before
{Heap before GC invocations=3 (full 0):
 garbage-first heap   total 262144K, used 74392K [0x0000000700000000, 0x0000000800000000)
  region size 2048K, 23 young (47104K), 2 survivors (4096K)
 Metaspace       used 21189K, committed 21504K, reserved 1073152K
  class space    used 2606K, committed 2752K, reserved 1048576K
}
Event: 1.700 GC heap after
{Heap after GC invocations=4 (full 0):
 garbage-first heap   total 262144K, used 37479K [0x0000000700000000, 0x0000000800000000)
  region size 2048K, 4 young (8192K), 4 survivors (8192K)
 Metaspace       used 21189K, committed 21504K, reserved 1073152K
  class space    used 2606K, committed 2752K, reserved 1048576K
}
Event: 2.063 GC heap before
{Heap before GC invocations=5 (full 0):
 garbage-first heap   total 137216K, used 105063K [0x0000000700000000, 0x0000000800000000)
  region size 2048K, 38 young (77824K), 4 survivors (8192K)
 Metaspace       used 23849K, committed 24192K, reserved 1073152K
  class space    used 2972K, committed 3136K, reserved 1048576K
}
Event: 2.071 GC heap after
{Heap after GC invocations=6 (full 0):
 garbage-first heap   total 137216K, used 44260K [0x0000000700000000, 0x0000000800000000)
  region size 2048K, 5 young (10240K), 5 survivors (10240K)
 Metaspace       used 23849K, committed 24192K, reserved 1073152K
  class space    used 2972K, committed 3136K, reserved 1048576K
}
Event: 2.074 GC heap before
{Heap before GC invocations=6 (full 0):
 garbage-first heap   total 137216K, used 46308K [0x0000000700000000, 0x0000000800000000)
  region size 2048K, 6 young (12288K), 5 survivors (10240K)
 Metaspace       used 23850K, committed 24192K, reserved 1073152K
  class space    used 2972K, committed 3136K, reserved 1048576K
}
Event: 2.081 GC heap after
{Heap after GC invocations=7 (full 0):
 garbage-first heap   total 137216K, used 43951K [0x0000000700000000, 0x0000000800000000)
  region size 2048K, 1 young (2048K), 1 survivors (2048K)
 Metaspace       used 23850K, committed 24192K, reserved 1073152K
  class space    used 2972K, committed 3136K, reserved 1048576K
}
Event: 2.227 GC heap before
{Heap before GC invocations=7 (full 0):
 garbage-first heap   total 137216K, used 91055K [0x0000000700000000, 0x0000000800000000)
  region size 2048K, 24 young (49152K), 1 survivors (2048K)
 Metaspace       used 24595K, committed 24960K, reserved 1073152K
  class space    used 3089K, committed 3264K, reserved 1048576K
}
Event: 2.233 GC heap after
{Heap after GC invocations=8 (full 0):
 garbage-first heap   total 339968K, used 48129K [0x0000000700000000, 0x0000000800000000)
  region size 2048K, 3 young (6144K), 3 survivors (6144K)
 Metaspace       used 24595K, committed 24960K, reserved 1073152K
  class space    used 3089K, committed 3264K, reserved 1048576K
}
Event: 2.618 GC heap before
{Heap before GC invocations=8 (full 0):
 garbage-first heap   total 339968K, used 232449K [0x0000000700000000, 0x0000000800000000)
  region size 2048K, 93 young (190464K), 3 survivors (6144K)
 Metaspace       used 25427K, committed 25728K, reserved 1073152K
  class space    used 3201K, committed 3328K, reserved 1048576K
}
Event: 2.631 GC heap after
{Heap after GC invocations=9 (full 0):
 garbage-first heap   total 339968K, used 67598K [0x0000000700000000, 0x0000000800000000)
  region size 2048K, 12 young (24576K), 12 survivors (24576K)
 Metaspace       used 25427K, committed 25728K, reserved 1073152K
  class space    used 3201K, committed 3328K, reserved 1048576K
}
Event: 3.413 GC heap before
{Heap before GC invocations=9 (full 0):
 garbage-first heap   total 339968K, used 229390K [0x0000000700000000, 0x0000000800000000)
  region size 2048K, 92 young (188416K), 12 survivors (24576K)
 Metaspace       used 35778K, committed 36160K, reserved 1081344K
  class space    used 5208K, committed 5376K, reserved 1048576K
}
Event: 3.437 GC heap after
{Heap after GC invocations=10 (full 0):
 garbage-first heap   total 339968K, used 99054K [0x0000000700000000, 0x0000000800000000)
  region size 2048K, 12 young (24576K), 12 survivors (24576K)
 Metaspace       used 35778K, committed 36160K, reserved 1081344K
  class space    used 5208K, committed 5376K, reserved 1048576K
}
Event: 3.683 GC heap before
{Heap before GC invocations=11 (full 0):
 garbage-first heap   total 339968K, used 236270K [0x0000000700000000, 0x0000000800000000)
  region size 2048K, 79 young (161792K), 12 survivors (24576K)
 Metaspace       used 37277K, committed 37696K, reserved 1081344K
  class space    used 5508K, committed 5696K, reserved 1048576K
}
Event: 3.702 GC heap after
{Heap after GC invocations=12 (full 0):
 garbage-first heap   total 339968K, used 119448K [0x0000000700000000, 0x0000000800000000)
  region size 2048K, 9 young (18432K), 9 survivors (18432K)
 Metaspace       used 37277K, committed 37696K, reserved 1081344K
  class space    used 5508K, committed 5696K, reserved 1048576K
}
Event: 3.813 GC heap before
{Heap before GC invocations=12 (full 0):
 garbage-first heap   total 339968K, used 252568K [0x0000000700000000, 0x0000000800000000)
  region size 2048K, 73 young (149504K), 9 survivors (18432K)
 Metaspace       used 38256K, committed 38784K, reserved 1089536K
  class space    used 5696K, committed 5952K, reserved 1048576K
}
Event: 3.832 GC heap after
{Heap after GC invocations=13 (full 0):
 garbage-first heap   total 339968K, used 140702K [0x0000000700000000, 0x0000000800000000)
  region size 2048K, 10 young (20480K), 10 survivors (20480K)
 Metaspace       used 38256K, committed 38784K, reserved 1089536K
  class space    used 5696K, committed 5952K, reserved 1048576K
}
Event: 3.928 GC heap before
{Heap before GC invocations=13 (full 0):
 garbage-first heap   total 339968K, used 259486K [0x0000000700000000, 0x0000000800000000)
  region size 2048K, 68 young (139264K), 10 survivors (20480K)
 Metaspace       used 39614K, committed 40192K, reserved 1089536K
  class space    used 5917K, committed 6208K, reserved 1048576K
}
Event: 3.948 GC heap after
{Heap after GC invocations=14 (full 0):
 garbage-first heap   total 624640K, used 158117K [0x0000000700000000, 0x0000000800000000)
  region size 2048K, 9 young (18432K), 9 survivors (18432K)
 Metaspace       used 39614K, committed 40192K, reserved 1089536K
  class space    used 5917K, committed 6208K, reserved 1048576K
}
Event: 4.107 GC heap before
{Heap before GC invocations=14 (full 0):
 garbage-first heap   total 624640K, used 455077K [0x0000000700000000, 0x0000000800000000)
  region size 2048K, 155 young (317440K), 9 survivors (18432K)
 Metaspace       used 40939K, committed 41536K, reserved 1089536K
  class space    used 6144K, committed 6400K, reserved 1048576K
}

